2016-09-12 11:34:58,052 [ERROR] from net.sf.ehcache.Cache in ForkJoinPool-1-worker-1 - Unable to set localhost. This prevents creation of a GUID. Cause was: mail.test.com
yhkim-13Z940-GT3MK: mail.test.com
yhkim-13Z940-GT3MK: unknown error
java.net.UnknownHostException: mail.test.com
yhkim-13Z940-GT3MK: mail.test.com
yhkim-13Z940-GT3MK: unknown error
	at java.net.InetAddress.getLocalHost(InetAddress.java:1505)
	at net.sf.ehcache.Cache.<clinit>(Cache.java:214)
	at net.sf.ehcache.config.ConfigurationHelper.createCache(ConfigurationHelper.java:296)
	at net.sf.ehcache.config.ConfigurationHelper.createDefaultCache(ConfigurationHelper.java:219)
	at net.sf.ehcache.CacheManager.configure(CacheManager.java:722)
	at net.sf.ehcache.CacheManager.doInit(CacheManager.java:439)
	at net.sf.ehcache.CacheManager.init(CacheManager.java:377)
	at net.sf.ehcache.CacheManager.<init>(CacheManager.java:259)
	at net.sf.ehcache.CacheManager.newInstance(CacheManager.java:1037)
	at net.sf.ehcache.CacheManager.newInstance(CacheManager.java:936)
	at net.sf.ehcache.CacheManager.create(CacheManager.java:904)
	at play.api.cache.CacheManagerProvider.get$lzycompute(Cache.scala:207)
	at play.api.cache.CacheManagerProvider.get(Cache.scala:204)
	at play.api.cache.CacheManagerProvider.get(Cache.scala:203)
	at com.google.inject.internal.ProviderInternalFactory.provision(ProviderInternalFactory.java:81)
	at com.google.inject.internal.BoundProviderFactory.provision(BoundProviderFactory.java:72)
	at com.google.inject.internal.ProviderInternalFactory.circularGet(ProviderInternalFactory.java:61)
	at com.google.inject.internal.BoundProviderFactory.get(BoundProviderFactory.java:62)
	at com.google.inject.internal.SingleFieldInjector.inject(SingleFieldInjector.java:54)
	at com.google.inject.internal.MembersInjectorImpl.injectMembers(MembersInjectorImpl.java:132)
	at com.google.inject.internal.MembersInjectorImpl$1.call(MembersInjectorImpl.java:93)
	at com.google.inject.internal.MembersInjectorImpl$1.call(MembersInjectorImpl.java:80)
	at com.google.inject.internal.InjectorImpl.callInContext(InjectorImpl.java:1103)
	at com.google.inject.internal.MembersInjectorImpl.injectAndNotify(MembersInjectorImpl.java:80)
	at com.google.inject.internal.MembersInjectorImpl.injectMembers(MembersInjectorImpl.java:62)
	at com.google.inject.internal.InjectorImpl.injectMembers(InjectorImpl.java:984)
	at com.google.inject.util.Providers$GuicifiedProviderWithDependencies.initialize(Providers.java:149)
	at com.google.inject.util.Providers$GuicifiedProviderWithDependencies$$FastClassByGuice$$2a7177aa.invoke(<generated>)
	at com.google.inject.internal.cglib.reflect.$FastMethod.invoke(FastMethod.java:53)
	at com.google.inject.internal.SingleMethodInjector$1.invoke(SingleMethodInjector.java:57)
	at com.google.inject.internal.SingleMethodInjector.inject(SingleMethodInjector.java:91)
	at com.google.inject.internal.MembersInjectorImpl.injectMembers(MembersInjectorImpl.java:132)
	at com.google.inject.internal.MembersInjectorImpl$1.call(MembersInjectorImpl.java:93)
	at com.google.inject.internal.MembersInjectorImpl$1.call(MembersInjectorImpl.java:80)
	at com.google.inject.internal.InjectorImpl.callInContext(InjectorImpl.java:1092)
	at com.google.inject.internal.MembersInjectorImpl.injectAndNotify(MembersInjectorImpl.java:80)
	at com.google.inject.internal.Initializer$InjectableReference.get(Initializer.java:174)
	at com.google.inject.internal.Initializer.injectAll(Initializer.java:108)
	at com.google.inject.internal.InternalInjectorCreator.injectDynamically(InternalInjectorCreator.java:174)
	at com.google.inject.internal.InternalInjectorCreator.build(InternalInjectorCreator.java:110)
	at com.google.inject.Guice.createInjector(Guice.java:96)
	at com.google.inject.Guice.createInjector(Guice.java:84)
	at play.api.inject.guice.GuiceBuilder.injector(GuiceInjectorBuilder.scala:181)
	at play.api.inject.guice.GuiceApplicationBuilder.build(GuiceApplicationBuilder.scala:123)
	at play.api.inject.guice.GuiceApplicationLoader.load(GuiceApplicationLoader.scala:21)
	at play.core.server.DevServerStart$$anonfun$mainDev$1$$anon$1$$anonfun$get$1$$anonfun$apply$1$$anonfun$1$$anonfun$2.apply(DevServerStart.scala:168)
	at play.core.server.DevServerStart$$anonfun$mainDev$1$$anon$1$$anonfun$get$1$$anonfun$apply$1$$anonfun$1$$anonfun$2.apply(DevServerStart.scala:164)
	at play.utils.Threads$.withContextClassLoader(Threads.scala:21)
	at play.core.server.DevServerStart$$anonfun$mainDev$1$$anon$1$$anonfun$get$1$$anonfun$apply$1$$anonfun$1.apply(DevServerStart.scala:164)
	at play.core.server.DevServerStart$$anonfun$mainDev$1$$anon$1$$anonfun$get$1$$anonfun$apply$1$$anonfun$1.apply(DevServerStart.scala:131)
	at scala.Option.map(Option.scala:146)
	at play.core.server.DevServerStart$$anonfun$mainDev$1$$anon$1$$anonfun$get$1$$anonfun$apply$1.apply(DevServerStart.scala:131)
	at play.core.server.DevServerStart$$anonfun$mainDev$1$$anon$1$$anonfun$get$1$$anonfun$apply$1.apply(DevServerStart.scala:129)
	at scala.util.Success.flatMap(Try.scala:231)
	at play.core.server.DevServerStart$$anonfun$mainDev$1$$anon$1$$anonfun$get$1.apply(DevServerStart.scala:129)
	at play.core.server.DevServerStart$$anonfun$mainDev$1$$anon$1$$anonfun$get$1.apply(DevServerStart.scala:121)
	at scala.concurrent.impl.Future$PromiseCompletingRunnable.liftedTree1$1(Future.scala:24)
	at scala.concurrent.impl.Future$PromiseCompletingRunnable.run(Future.scala:24)
	at java.util.concurrent.ForkJoinTask$RunnableExecuteAction.exec(ForkJoinTask.java:1402)
	at java.util.concurrent.ForkJoinTask.doExec(ForkJoinTask.java:289)
	at java.util.concurrent.ForkJoinPool$WorkQueue.runTask(ForkJoinPool.java:1056)
	at java.util.concurrent.ForkJoinPool.runWorker(ForkJoinPool.java:1692)
	at java.util.concurrent.ForkJoinWorkerThread.run(ForkJoinWorkerThread.java:157)
Caused by: java.net.UnknownHostException: mail.test.com
yhkim-13Z940-GT3MK: unknown error
	at java.net.Inet6AddressImpl.lookupAllHostAddr(Native Method)
	at java.net.InetAddress$2.lookupAllHostAddr(InetAddress.java:928)
	at java.net.InetAddress.getAddressesFromNameService(InetAddress.java:1323)
	at java.net.InetAddress.getLocalHost(InetAddress.java:1500)
	... 62 common frames omitted
2016-09-12 11:34:58,092 [INFO] from application in ForkJoinPool-1-worker-1 - ApplicationTimer demo: Starting application at 2016-09-12T02:34:58.080Z.
2016-09-12 11:34:58,385 [INFO] from play.api.Play in ForkJoinPool-1-worker-1 - Application started (Dev)
2016-09-12 11:36:08,859 [DEBUG] from application in application-akka.actor.default-dispatcher-22 - views.html.test
2016-09-12 11:36:08,859 [DEBUG] from application in application-akka.actor.default-dispatcher-18 - views.html.test3
2016-09-12 11:36:57,184 [DEBUG] from application in application-akka.actor.default-dispatcher-31 - views.html.test
2016-09-12 11:36:57,187 [DEBUG] from application in application-akka.actor.default-dispatcher-32 - views.html.test3
2016-09-12 11:39:38,427 [INFO] from application in application-akka.actor.default-dispatcher-25 - ApplicationTimer demo: Stopping application at 2016-09-12T02:39:38.427Z after 280s.
2016-09-12 11:39:39,941 [INFO] from application in application-akka.actor.default-dispatcher-25 - ApplicationTimer demo: Starting application at 2016-09-12T02:39:39.940Z.
2016-09-12 11:39:40,082 [INFO] from play.api.Play in application-akka.actor.default-dispatcher-25 - Application started (Dev)
2016-09-12 11:40:15,434 [INFO] from application in application-akka.actor.default-dispatcher-7 - ApplicationTimer demo: Stopping application at 2016-09-12T02:40:15.434Z after 36s.
2016-09-12 11:40:17,334 [INFO] from application in application-akka.actor.default-dispatcher-7 - ApplicationTimer demo: Starting application at 2016-09-12T02:40:17.333Z.
2016-09-12 11:40:17,645 [INFO] from play.api.Play in application-akka.actor.default-dispatcher-7 - Application started (Dev)
2016-09-12 11:46:55,369 [INFO] from application in application-akka.actor.default-dispatcher-14 - ApplicationTimer demo: Stopping application at 2016-09-12T02:46:55.369Z after 398s.
2016-09-12 11:46:56,901 [INFO] from application in application-akka.actor.default-dispatcher-14 - ApplicationTimer demo: Starting application at 2016-09-12T02:46:56.900Z.
2016-09-12 11:46:57,040 [INFO] from play.api.Play in application-akka.actor.default-dispatcher-14 - Application started (Dev)
2016-09-12 11:47:22,546 [INFO] from application in application-akka.actor.default-dispatcher-6 - ApplicationTimer demo: Stopping application at 2016-09-12T02:47:22.546Z after 26s.
2016-09-12 11:47:24,273 [INFO] from application in application-akka.actor.default-dispatcher-6 - ApplicationTimer demo: Starting application at 2016-09-12T02:47:24.272Z.
2016-09-12 11:47:24,405 [INFO] from play.api.Play in application-akka.actor.default-dispatcher-6 - Application started (Dev)
2016-09-12 11:47:42,675 [INFO] from application in application-akka.actor.default-dispatcher-8 - ApplicationTimer demo: Stopping application at 2016-09-12T02:47:42.675Z after 18s.
2016-09-12 11:47:44,144 [INFO] from application in application-akka.actor.default-dispatcher-8 - ApplicationTimer demo: Starting application at 2016-09-12T02:47:44.143Z.
2016-09-12 11:47:44,336 [INFO] from play.api.Play in application-akka.actor.default-dispatcher-8 - Application started (Dev)
2016-09-12 11:48:09,642 [INFO] from application in application-akka.actor.default-dispatcher-6 - ApplicationTimer demo: Stopping application at 2016-09-12T02:48:09.641Z after 25s.
2016-09-12 11:48:11,444 [INFO] from application in application-akka.actor.default-dispatcher-6 - ApplicationTimer demo: Starting application at 2016-09-12T02:48:11.443Z.
2016-09-12 11:48:11,559 [INFO] from play.api.Play in application-akka.actor.default-dispatcher-6 - Application started (Dev)
2016-09-12 11:48:13,717 [DEBUG] from application in application-akka.actor.default-dispatcher-8 - views.html.test
2016-09-12 11:48:19,512 [DEBUG] from application in application-akka.actor.default-dispatcher-2 - views.html.test
2016-09-12 11:48:25,181 [DEBUG] from application in application-akka.actor.default-dispatcher-2 - views.html.test
2016-09-12 11:48:25,186 [DEBUG] from application in application-akka.actor.default-dispatcher-2 - views.html.test2
2016-09-12 11:48:47,879 [INFO] from application in application-akka.actor.default-dispatcher-4 - ApplicationTimer demo: Stopping application at 2016-09-12T02:48:47.879Z after 36s.
2016-09-12 11:48:49,568 [INFO] from application in application-akka.actor.default-dispatcher-4 - ApplicationTimer demo: Starting application at 2016-09-12T02:48:49.567Z.
2016-09-12 11:48:49,781 [INFO] from play.api.Play in application-akka.actor.default-dispatcher-4 - Application started (Dev)
2016-09-12 11:48:52,948 [DEBUG] from application in application-akka.actor.default-dispatcher-2 - views.html.test
2016-09-12 11:49:26,206 [INFO] from application in application-akka.actor.default-dispatcher-9 - ApplicationTimer demo: Stopping application at 2016-09-12T02:49:26.205Z after 37s.
2016-09-12 11:49:28,088 [INFO] from application in application-akka.actor.default-dispatcher-9 - ApplicationTimer demo: Starting application at 2016-09-12T02:49:28.087Z.
2016-09-12 11:49:28,178 [INFO] from play.api.Play in application-akka.actor.default-dispatcher-9 - Application started (Dev)
2016-09-12 11:49:32,806 [DEBUG] from application in application-akka.actor.default-dispatcher-3 - views.html.test2
2016-09-12 11:49:32,806 [DEBUG] from application in application-akka.actor.default-dispatcher-7 - views.html.test3
2016-09-12 11:50:29,634 [INFO] from application in application-akka.actor.default-dispatcher-7 - ApplicationTimer demo: Stopping application at 2016-09-12T02:50:29.634Z after 61s.
2016-09-12 11:50:31,075 [INFO] from application in application-akka.actor.default-dispatcher-7 - ApplicationTimer demo: Starting application at 2016-09-12T02:50:31.074Z.
2016-09-12 11:50:31,165 [INFO] from play.api.Play in application-akka.actor.default-dispatcher-7 - Application started (Dev)
2016-09-12 11:50:34,300 [DEBUG] from application in application-akka.actor.default-dispatcher-7 - views.html.test2
2016-09-12 11:50:34,302 [DEBUG] from application in application-akka.actor.default-dispatcher-3 - views.html.test
2016-09-12 11:50:42,174 [DEBUG] from application in application-akka.actor.default-dispatcher-8 - views.html.test3
2016-09-12 11:50:46,749 [DEBUG] from application in application-akka.actor.default-dispatcher-8 - views.html.test3
2016-09-12 11:50:46,753 [DEBUG] from application in application-akka.actor.default-dispatcher-5 - views.html.test2
2016-09-12 11:50:50,206 [DEBUG] from application in application-akka.actor.default-dispatcher-8 - views.html.test3
2016-09-12 11:50:50,211 [DEBUG] from application in application-akka.actor.default-dispatcher-5 - views.html.test2
2016-09-12 11:50:50,213 [DEBUG] from application in application-akka.actor.default-dispatcher-8 - views.html.test
2016-09-12 11:53:22,580 [INFO] from application in application-akka.actor.default-dispatcher-4 - ApplicationTimer demo: Stopping application at 2016-09-12T02:53:22.579Z after 171s.
2016-09-12 11:53:24,028 [INFO] from application in application-akka.actor.default-dispatcher-4 - ApplicationTimer demo: Starting application at 2016-09-12T02:53:24.027Z.
2016-09-12 11:53:24,122 [INFO] from play.api.Play in application-akka.actor.default-dispatcher-4 - Application started (Dev)
2016-09-12 11:54:10,225 [INFO] from application in application-akka.actor.default-dispatcher-4 - ApplicationTimer demo: Stopping application at 2016-09-12T02:54:10.224Z after 46s.
2016-09-12 11:54:11,581 [INFO] from application in application-akka.actor.default-dispatcher-4 - ApplicationTimer demo: Starting application at 2016-09-12T02:54:11.580Z.
2016-09-12 11:54:11,697 [INFO] from play.api.Play in application-akka.actor.default-dispatcher-4 - Application started (Dev)
2016-09-12 11:54:20,066 [DEBUG] from application in application-akka.actor.default-dispatcher-5 - views.html.test2
2016-09-12 11:54:20,068 [DEBUG] from application in application-akka.actor.default-dispatcher-4 - views.html.test3
2016-09-12 11:54:20,069 [DEBUG] from application in application-akka.actor.default-dispatcher-6 - views.html.test
2016-09-12 11:55:50,216 [DEBUG] from application in application-akka.actor.default-dispatcher-11 - views.html.test
2016-09-12 11:55:50,219 [DEBUG] from application in application-akka.actor.default-dispatcher-10 - views.html.test2
2016-09-12 11:56:00,707 [DEBUG] from application in application-akka.actor.default-dispatcher-23 - views.html.test2
2016-09-12 11:56:00,710 [DEBUG] from application in application-akka.actor.default-dispatcher-22 - views.html.test3
2016-09-12 11:57:24,121 [DEBUG] from application in application-akka.actor.default-dispatcher-66 - views.html.test2
2016-09-12 11:57:24,125 [DEBUG] from application in application-akka.actor.default-dispatcher-63 - views.html.test3
2016-09-12 11:57:54,706 [DEBUG] from application in application-akka.actor.default-dispatcher-91 - views.html.test
2016-09-12 11:57:54,708 [DEBUG] from application in application-akka.actor.default-dispatcher-62 - views.html.test3
2016-09-12 11:58:30,128 [DEBUG] from application in application-akka.actor.default-dispatcher-108 - views.html.test
2016-09-12 12:00:01,581 [INFO] from application in application-akka.actor.default-dispatcher-106 - ApplicationTimer demo: Stopping application at 2016-09-12T03:00:01.581Z after 350s.
2016-09-12 12:00:03,362 [INFO] from application in application-akka.actor.default-dispatcher-106 - ApplicationTimer demo: Starting application at 2016-09-12T03:00:03.361Z.
2016-09-12 12:00:03,447 [INFO] from play.api.Play in application-akka.actor.default-dispatcher-106 - Application started (Dev)
2016-09-12 12:00:12,767 [DEBUG] from application in application-akka.actor.default-dispatcher-5 - views.html.test3
2016-09-12 12:00:12,769 [DEBUG] from application in application-akka.actor.default-dispatcher-9 - views.html.test2
2016-09-12 12:01:55,033 [DEBUG] from application in application-akka.actor.default-dispatcher-9 - views.html.test2
2016-09-12 12:01:55,035 [DEBUG] from application in application-akka.actor.default-dispatcher-9 - views.html.test3
2016-09-12 12:02:26,860 [DEBUG] from application in application-akka.actor.default-dispatcher-51 - views.html.test
2016-09-12 12:02:26,863 [DEBUG] from application in application-akka.actor.default-dispatcher-51 - views.html.test2
2016-09-12 12:03:02,256 [DEBUG] from application in application-akka.actor.default-dispatcher-57 - views.html.test
2016-09-12 12:03:02,258 [DEBUG] from application in application-akka.actor.default-dispatcher-69 - views.html.test2
2016-09-12 12:03:39,600 [DEBUG] from application in application-akka.actor.default-dispatcher-84 - views.html.test2
2016-09-12 12:03:48,238 [DEBUG] from application in application-akka.actor.default-dispatcher-90 - views.html.test
2016-09-12 12:03:48,241 [DEBUG] from application in application-akka.actor.default-dispatcher-57 - views.html.test2
2016-09-12 12:03:48,243 [DEBUG] from application in application-akka.actor.default-dispatcher-57 - views.html.test3
2016-09-12 13:07:51,489 [DEBUG] from application in application-akka.actor.default-dispatcher-124 - views.html.test
2016-09-12 13:07:51,491 [DEBUG] from application in application-akka.actor.default-dispatcher-124 - views.html.test2
2016-09-12 13:08:51,289 [DEBUG] from application in application-akka.actor.default-dispatcher-147 - views.html.test
2016-09-12 13:08:51,291 [DEBUG] from application in application-akka.actor.default-dispatcher-123 - views.html.test3
2016-09-12 13:08:53,541 [DEBUG] from application in application-akka.actor.default-dispatcher-147 - views.html.test
2016-09-12 13:08:53,543 [DEBUG] from application in application-akka.actor.default-dispatcher-123 - views.html.test3
2016-09-12 13:08:55,085 [DEBUG] from application in application-akka.actor.default-dispatcher-147 - views.html.test
2016-09-12 13:08:55,089 [DEBUG] from application in application-akka.actor.default-dispatcher-147 - views.html.test3
2016-09-12 13:08:55,245 [DEBUG] from application in application-akka.actor.default-dispatcher-147 - views.html.test
2016-09-12 13:08:55,247 [DEBUG] from application in application-akka.actor.default-dispatcher-147 - views.html.test3
2016-09-12 13:08:55,397 [DEBUG] from application in application-akka.actor.default-dispatcher-147 - views.html.test
2016-09-12 13:08:55,399 [DEBUG] from application in application-akka.actor.default-dispatcher-147 - views.html.test3
2016-09-12 13:08:55,549 [DEBUG] from application in application-akka.actor.default-dispatcher-147 - views.html.test
2016-09-12 13:08:55,551 [DEBUG] from application in application-akka.actor.default-dispatcher-147 - views.html.test3
2016-09-12 13:08:55,958 [DEBUG] from application in application-akka.actor.default-dispatcher-147 - views.html.test
2016-09-12 13:08:55,960 [DEBUG] from application in application-akka.actor.default-dispatcher-147 - views.html.test3
2016-09-12 13:20:22,081 [DEBUG] from application in application-akka.actor.default-dispatcher-161 - views.html.test
2016-09-12 13:20:22,083 [DEBUG] from application in application-akka.actor.default-dispatcher-150 - views.html.test2
2016-09-12 13:21:02,632 [DEBUG] from application in application-akka.actor.default-dispatcher-162 - views.html.test
2016-09-12 13:21:02,637 [DEBUG] from application in application-akka.actor.default-dispatcher-159 - views.html.test2
2016-09-12 13:21:48,575 [DEBUG] from application in application-akka.actor.default-dispatcher-165 - views.html.test2
2016-09-12 13:21:48,576 [DEBUG] from application in application-akka.actor.default-dispatcher-169 - views.html.test3
2016-09-12 13:22:00,777 [DEBUG] from application in application-akka.actor.default-dispatcher-164 - views.html.test
2016-09-12 13:22:00,780 [DEBUG] from application in application-akka.actor.default-dispatcher-164 - views.html.test3
2016-09-12 13:22:10,168 [DEBUG] from application in application-akka.actor.default-dispatcher-194 - views.html.test2
2016-09-12 13:22:10,169 [DEBUG] from application in application-akka.actor.default-dispatcher-194 - views.html.test3
2016-09-12 13:22:20,565 [DEBUG] from application in application-akka.actor.default-dispatcher-179 - views.html.test
2016-09-12 13:22:20,568 [DEBUG] from application in application-akka.actor.default-dispatcher-179 - views.html.test3
2016-09-12 13:23:01,461 [DEBUG] from application in application-akka.actor.default-dispatcher-180 - views.html.test3
2016-09-12 13:23:01,461 [DEBUG] from application in application-akka.actor.default-dispatcher-180 - views.html.test2
2016-09-12 13:23:04,253 [DEBUG] from application in application-akka.actor.default-dispatcher-241 - views.html.test3
2016-09-12 13:23:04,256 [DEBUG] from application in application-akka.actor.default-dispatcher-180 - views.html.test2
2016-09-12 13:23:17,273 [DEBUG] from application in application-akka.actor.default-dispatcher-180 - views.html.test3
2016-09-12 13:23:17,275 [DEBUG] from application in application-akka.actor.default-dispatcher-180 - views.html.test
2016-09-12 13:23:52,403 [DEBUG] from application in application-akka.actor.default-dispatcher-275 - views.html.test
2016-09-12 13:23:52,405 [DEBUG] from application in application-akka.actor.default-dispatcher-217 - views.html.test2
2016-09-12 13:24:16,934 [DEBUG] from application in application-akka.actor.default-dispatcher-217 - views.html.test
2016-09-12 13:24:16,935 [DEBUG] from application in application-akka.actor.default-dispatcher-217 - views.html.test2
2016-09-12 13:24:46,257 [DEBUG] from application in application-akka.actor.default-dispatcher-311 - views.html.test
2016-09-12 13:24:46,259 [DEBUG] from application in application-akka.actor.default-dispatcher-313 - views.html.test3
2016-09-12 13:26:29,818 [DEBUG] from application in application-akka.actor.default-dispatcher-348 - views.html.test
2016-09-12 13:26:29,822 [DEBUG] from application in application-akka.actor.default-dispatcher-348 - views.html.test2
2016-09-12 13:27:21,370 [DEBUG] from application in application-akka.actor.default-dispatcher-366 - views.html.test
2016-09-12 13:27:21,371 [DEBUG] from application in application-akka.actor.default-dispatcher-366 - views.html.test2
2016-09-12 13:31:35,732 [INFO] from application in application-akka.actor.default-dispatcher-350 - ApplicationTimer demo: Stopping application at 2016-09-12T04:31:35.731Z after 5492s.
2016-09-12 13:31:37,077 [INFO] from application in application-akka.actor.default-dispatcher-350 - ApplicationTimer demo: Starting application at 2016-09-12T04:31:37.077Z.
2016-09-12 13:31:37,169 [INFO] from play.api.Play in application-akka.actor.default-dispatcher-350 - Application started (Dev)
2016-09-12 13:31:59,574 [DEBUG] from application in application-akka.actor.default-dispatcher-8 - views.html.test3
2016-09-12 13:31:59,576 [DEBUG] from application in application-akka.actor.default-dispatcher-5 - views.html.test
2016-09-12 13:39:32,042 [DEBUG] from application in application-akka.actor.default-dispatcher-39 - views.html.test2
2016-09-12 13:39:32,044 [DEBUG] from application in application-akka.actor.default-dispatcher-39 - views.html.test3
2016-09-12 13:41:34,930 [DEBUG] from application in application-akka.actor.default-dispatcher-59 - views.html.test
2016-09-12 13:41:34,934 [DEBUG] from application in application-akka.actor.default-dispatcher-61 - views.html.test2
2016-09-12 13:41:52,153 [DEBUG] from application in application-akka.actor.default-dispatcher-58 - views.html.test2
2016-09-12 13:41:52,154 [DEBUG] from application in application-akka.actor.default-dispatcher-59 - views.html.test3
2016-09-12 13:42:49,443 [DEBUG] from application in application-akka.actor.default-dispatcher-101 - views.html.test
2016-09-12 13:42:49,444 [DEBUG] from application in application-akka.actor.default-dispatcher-63 - views.html.test2
2016-09-12 13:42:49,447 [DEBUG] from application in application-akka.actor.default-dispatcher-97 - views.html.test3
2016-09-12 13:47:01,045 [INFO] from application in application-akka.actor.default-dispatcher-133 - ApplicationTimer demo: Stopping application at 2016-09-12T04:47:01.044Z after 924s.
2016-09-12 13:47:02,589 [INFO] from application in application-akka.actor.default-dispatcher-133 - ApplicationTimer demo: Starting application at 2016-09-12T04:47:02.588Z.
2016-09-12 13:47:02,674 [INFO] from play.api.Play in application-akka.actor.default-dispatcher-133 - Application started (Dev)
2016-09-12 13:47:11,486 [DEBUG] from application in application-akka.actor.default-dispatcher-7 - views.html.test
2016-09-12 13:47:11,486 [DEBUG] from application in application-akka.actor.default-dispatcher-5 - views.html.test2
2016-09-12 13:48:08,273 [DEBUG] from application in application-akka.actor.default-dispatcher-29 - views.html.test
2016-09-12 13:48:08,277 [DEBUG] from application in application-akka.actor.default-dispatcher-8 - views.html.test2
2016-09-12 13:53:31,617 [INFO] from application in application-akka.actor.default-dispatcher-33 - ApplicationTimer demo: Stopping application at 2016-09-12T04:53:31.617Z after 389s.
2016-09-12 13:53:33,046 [INFO] from application in application-akka.actor.default-dispatcher-33 - ApplicationTimer demo: Starting application at 2016-09-12T04:53:33.045Z.
2016-09-12 13:53:33,173 [INFO] from play.api.Play in application-akka.actor.default-dispatcher-33 - Application started (Dev)
2016-09-12 14:00:04,413 [DEBUG] from application in application-akka.actor.default-dispatcher-28 - views.html.test3
2016-09-12 14:00:04,413 [DEBUG] from application in application-akka.actor.default-dispatcher-41 - views.html.test2
2016-09-12 14:01:31,501 [DEBUG] from application in application-akka.actor.default-dispatcher-69 - views.html.test2
2016-09-12 14:01:31,526 [DEBUG] from application in application-akka.actor.default-dispatcher-69 - views.html.test
2016-09-12 14:02:34,559 [INFO] from application in application-akka.actor.default-dispatcher-85 - ApplicationTimer demo: Stopping application at 2016-09-12T05:02:34.558Z after 541s.
2016-09-12 14:02:36,287 [INFO] from application in application-akka.actor.default-dispatcher-85 - ApplicationTimer demo: Starting application at 2016-09-12T05:02:36.285Z.
2016-09-12 14:02:36,410 [INFO] from play.api.Play in application-akka.actor.default-dispatcher-85 - Application started (Dev)
2016-09-12 14:02:56,141 [INFO] from application in application-akka.actor.default-dispatcher-2 - ApplicationTimer demo: Stopping application at 2016-09-12T05:02:56.141Z after 20s.
2016-09-12 14:02:58,589 [INFO] from application in application-akka.actor.default-dispatcher-2 - ApplicationTimer demo: Starting application at 2016-09-12T05:02:58.588Z.
2016-09-12 14:02:58,661 [INFO] from play.api.Play in application-akka.actor.default-dispatcher-2 - Application started (Dev)
2016-09-12 14:04:49,364 [INFO] from application in pool-4-thread-7 - ApplicationTimer demo: Stopping application at 2016-09-12T05:04:49.364Z after 111s.
